[16:55:47] Loading tweets from data/twitter-extraction/raw/filtered/tweets_full.json...
[16:55:47] Loaded 12911 tweets
[16:55:47] Loading enriched link data...
[16:55:47] Loaded enriched data for 147 tweets
[16:55:47] Filtered to 8123 relevant tweets
[16:55:47] Classifying 8123 tweets...
[16:55:47] Processed 500/8123...
[16:55:47] Processed 1000/8123...
[16:55:47] Processed 1500/8123...
[16:55:48] Processed 2000/8123...
[16:55:48] Processed 2500/8123...
[16:55:48] Processed 3000/8123...
[16:55:48] Processed 3500/8123...
[16:55:48] Processed 4000/8123...
[16:55:48] Processed 4500/8123...
[16:55:49] Processed 5000/8123...
[16:55:49] Processed 5500/8123...
[16:55:49] Processed 6000/8123...
[16:55:49] Processed 6500/8123...
[16:55:49] Processed 7000/8123...
[16:55:49] Processed 7500/8123...
[16:55:49] Processed 8000/8123...
[16:55:50] 
=== CLASSIFICATION COMPLETE ===
[16:55:50] Total classified: 8123
[16:55:50] 
Category distribution:
[16:55:50]   uncategorized: 4375 (53.9%)
[16:55:50]   infrastructure: 765 (9.4%)
[16:55:50]   education: 583 (7.2%)
[16:55:50]   industries: 508 (6.3%)
[16:55:50]   sports-culture: 482 (5.9%)
[16:55:50]   healthcare: 473 (5.8%)
[16:55:50]   social-welfare: 337 (4.1%)
[16:55:50]   agriculture: 205 (2.5%)
[16:55:50]   employment: 160 (2.0%)
[16:55:50]   tamil-history: 134 (1.6%)
[16:55:50]   environment: 101 (1.2%)
[16:55:50] 
Saved to data/twitter-extraction/verified/all_verified.json
