[16:45:09] Processing batch 0 (7 links)...
[16:45:28] Batch 0: {'success': 5, 'failed': 0, 'not_found': 0, 'blocked': 2, 'timeout': 0}
[16:48:49] Processing batches 0 to 21 (22 batches)
[16:48:49] Processing batch 0 (20 links)...
[16:49:29] Batch 0: {'success': 8, 'failed': 0, 'not_found': 0, 'blocked': 12, 'timeout': 0}
[16:49:30] Processing batch 1 (20 links)...
[16:50:12] Batch 1: {'success': 7, 'failed': 0, 'not_found': 0, 'blocked': 13, 'timeout': 0}
[16:50:13] Processing batch 2 (20 links)...
[16:50:54] Batch 2: {'success': 7, 'failed': 0, 'not_found': 1, 'blocked': 12, 'timeout': 0}
[16:50:55] Processing batch 3 (20 links)...
[16:51:40] Batch 3: {'success': 7, 'failed': 0, 'not_found': 0, 'blocked': 13, 'timeout': 0}
[16:51:41] Processing batch 4 (20 links)...
[16:52:24] Batch 4: {'success': 9, 'failed': 0, 'not_found': 0, 'blocked': 11, 'timeout': 0}
[16:52:25] Processing batch 5 (20 links)...
[16:53:17] Batch 5: {'success': 15, 'failed': 1, 'not_found': 1, 'blocked': 3, 'timeout': 0}
[16:53:18] Processing batch 6 (20 links)...
[16:54:21] Batch 6: {'success': 16, 'failed': 1, 'not_found': 2, 'blocked': 1, 'timeout': 0}
[16:54:22] Processing batch 7 (20 links)...
[16:55:17] Batch 7: {'success': 14, 'failed': 2, 'not_found': 1, 'blocked': 3, 'timeout': 0}
[16:55:18] Processing batch 8 (20 links)...
[16:56:24] Batch 8: {'success': 17, 'failed': 0, 'not_found': 0, 'blocked': 3, 'timeout': 0}
[16:56:25] Processing batch 9 (20 links)...
[16:57:37] Batch 9: {'success': 15, 'failed': 1, 'not_found': 1, 'blocked': 3, 'timeout': 0}
[16:57:38] Processing batch 10 (20 links)...
[16:58:38] Batch 10: {'success': 13, 'failed': 5, 'not_found': 1, 'blocked': 1, 'timeout': 0}
[16:58:39] Processing batch 11 (20 links)...
[16:59:35] Batch 11: {'success': 15, 'failed': 1, 'not_found': 2, 'blocked': 2, 'timeout': 0}
[16:59:36] Processing batch 12 (20 links)...
[17:00:30] Batch 12: {'success': 14, 'failed': 1, 'not_found': 2, 'blocked': 3, 'timeout': 0}
[17:00:31] Processing batch 13 (20 links)...
[17:01:29] Batch 13: {'success': 17, 'failed': 3, 'not_found': 0, 'blocked': 0, 'timeout': 0}
[17:01:30] Processing batch 14 (20 links)...
[17:02:37] Batch 14: {'success': 15, 'failed': 2, 'not_found': 0, 'blocked': 3, 'timeout': 0}
[17:02:38] Processing batch 15 (20 links)...
[17:03:46] Batch 15: {'success': 15, 'failed': 3, 'not_found': 0, 'blocked': 2, 'timeout': 0}
[17:03:47] Processing batch 16 (20 links)...
[17:03:50] Processing batches 16 to 23 (8 batches)
[17:03:50] Processing batch 16 (20 links)...
[17:04:38] Batch 16: {'success': 17, 'failed': 1, 'not_found': 1, 'blocked': 1, 'timeout': 0}
[17:04:39] Processing batch 17 (20 links)...
[17:04:49] Batch 16: {'success': 16, 'failed': 2, 'not_found': 1, 'blocked': 1, 'timeout': 0}
[17:04:50] Processing batch 17 (20 links)...
[17:05:34] Batch 17: {'success': 16, 'failed': 1, 'not_found': 0, 'blocked': 3, 'timeout': 0}
[17:05:35] Processing batch 18 (20 links)...
[17:05:40] Batch 17: {'success': 16, 'failed': 1, 'not_found': 0, 'blocked': 3, 'timeout': 0}
[17:05:41] Processing batch 18 (20 links)...
[17:06:47] Batch 18: {'success': 15, 'failed': 3, 'not_found': 1, 'blocked': 1, 'timeout': 0}
[17:06:48] Processing batch 19 (20 links)...
[17:06:49] Batch 18: {'success': 15, 'failed': 3, 'not_found': 1, 'blocked': 1, 'timeout': 0}
[17:06:50] Processing batch 19 (20 links)...
[17:07:41] Batch 19: {'success': 18, 'failed': 0, 'not_found': 0, 'blocked': 2, 'timeout': 0}
[17:07:42] Batch 19: {'success': 18, 'failed': 0, 'not_found': 0, 'blocked': 2, 'timeout': 0}
[17:07:42] Processing batch 20 (20 links)...
[17:07:43] Processing batch 20 (20 links)...
[17:08:52] Batch 20: {'success': 14, 'failed': 2, 'not_found': 1, 'blocked': 3, 'timeout': 0}
[17:08:52] Batch 20: {'success': 14, 'failed': 2, 'not_found': 1, 'blocked': 3, 'timeout': 0}
[17:08:53] Processing batch 21 (20 links)...
[17:08:53] Processing batch 21 (20 links)...
[17:09:52] Batch 21: {'success': 17, 'failed': 2, 'not_found': 0, 'blocked': 1, 'timeout': 0}
[17:09:52] 
=== Final Stats ===
[17:09:52] Total: {'success': 301, 'failed': 29, 'not_found': 14, 'blocked': 96, 'timeout': 0}
[17:09:52] Batch 21: {'success': 17, 'failed': 2, 'not_found': 0, 'blocked': 1, 'timeout': 0}
[17:09:53] Processing batch 22 (20 links)...
[17:10:46] Batch 22: {'success': 15, 'failed': 4, 'not_found': 0, 'blocked': 1, 'timeout': 0}
[17:10:47] Processing batch 23 (6 links)...
[17:11:02] Batch 23: {'success': 6, 'failed': 0, 'not_found': 0, 'blocked': 0, 'timeout': 0}
[17:11:02] 
=== Final Stats ===
[17:11:02] Total: {'success': 117, 'failed': 14, 'not_found': 3, 'blocked': 12, 'timeout': 0}
[17:03:50] Processing batches 16 to 23 (8 batches)
[17:03:50] Processing batch 16 (20 links)...
[17:04:49] Batch 16: {'success': 16, 'failed': 2, 'not_found': 1, 'blocked': 1, 'timeout': 0}
[17:04:50] Processing batch 17 (20 links)...
[17:05:40] Batch 17: {'success': 16, 'failed': 1, 'not_found': 0, 'blocked': 3, 'timeout': 0}
[17:05:41] Processing batch 18 (20 links)...
[17:06:49] Batch 18: {'success': 15, 'failed': 3, 'not_found': 1, 'blocked': 1, 'timeout': 0}
[17:06:50] Processing batch 19 (20 links)...
[17:07:41] Batch 19: {'success': 18, 'failed': 0, 'not_found': 0, 'blocked': 2, 'timeout': 0}
[17:07:42] Processing batch 20 (20 links)...
[17:08:52] Batch 20: {'success': 14, 'failed': 2, 'not_found': 1, 'blocked': 3, 'timeout': 0}
[17:08:53] Processing batch 21 (20 links)...
[17:09:52] Batch 21: {'success': 17, 'failed': 2, 'not_found': 0, 'blocked': 1, 'timeout': 0}
[17:09:53] Processing batch 22 (20 links)...
[17:10:46] Batch 22: {'success': 15, 'failed': 4, 'not_found': 0, 'blocked': 1, 'timeout': 0}
[17:10:47] Processing batch 23 (6 links)...
[17:11:02] Batch 23: {'success': 6, 'failed': 0, 'not_found': 0, 'blocked': 0, 'timeout': 0}
[17:11:02] 
=== Final Stats ===
[17:11:02] Total: {'success': 117, 'failed': 14, 'not_found': 3, 'blocked': 12, 'timeout': 0}
[17:18:40] Processing batches 24 to 24 (1 batches)
[17:18:40] Processing batch 24 (3 links)...
[17:18:46] Batch 24: {'success': 3, 'failed': 0, 'not_found': 0, 'blocked': 0, 'timeout': 0}
[17:18:46] 
=== Final Stats ===
[17:18:46] Total: {'success': 3, 'failed': 0, 'not_found': 0, 'blocked': 0, 'timeout': 0}
[17:18:40] Processing batches 24 to 24 (1 batches)
[17:18:40] Processing batch 24 (3 links)...
[17:18:46] Batch 24: {'success': 3, 'failed': 0, 'not_found': 0, 'blocked': 0, 'timeout': 0}
[17:18:46] 
=== Final Stats ===
[17:18:46] Total: {'success': 3, 'failed': 0, 'not_found': 0, 'blocked': 0, 'timeout': 0}
[17:31:22] Processing batches 25 to 25 (1 batches)
[17:31:22] Processing batch 25 (2 links)...
[17:31:26] Batch 25: {'success': 2, 'failed': 0, 'not_found': 0, 'blocked': 0, 'timeout': 0}
[17:31:26] 
=== Final Stats ===
[17:31:26] Total: {'success': 2, 'failed': 0, 'not_found': 0, 'blocked': 0, 'timeout': 0}
[17:31:22] Processing batches 25 to 25 (1 batches)
[17:31:22] Processing batch 25 (2 links)...
[17:31:26] Batch 25: {'success': 2, 'failed': 0, 'not_found': 0, 'blocked': 0, 'timeout': 0}
[17:31:26] 
=== Final Stats ===
[17:31:26] Total: {'success': 2, 'failed': 0, 'not_found': 0, 'blocked': 0, 'timeout': 0}
[17:48:54] Processing batches 26 to 26 (1 batches)
[17:48:54] Processing batch 26 (13 links)...
[17:49:31] Batch 26: {'success': 12, 'failed': 1, 'not_found': 0, 'blocked': 0, 'timeout': 0}
[17:49:31] 
=== Final Stats ===
[17:49:31] Total: {'success': 12, 'failed': 1, 'not_found': 0, 'blocked': 0, 'timeout': 0}
[17:48:54] Processing batches 26 to 26 (1 batches)
[17:48:54] Processing batch 26 (13 links)...
[17:49:31] Batch 26: {'success': 12, 'failed': 1, 'not_found': 0, 'blocked': 0, 'timeout': 0}
[17:49:31] 
=== Final Stats ===
[17:49:31] Total: {'success': 12, 'failed': 1, 'not_found': 0, 'blocked': 0, 'timeout': 0}
