17:03:49 [ORCH] Starting orchestrator
17:03:49 [P1] Starting Phase 1 from batch 291
17:03:49 [P2] Refreshing links from new tweets...
17:03:49 [P2] Starting Phase 2 from batch 16
17:03:49 [P3] Starting Phase 3 classification
17:03:49 [P4] Starting Phase 4 aggregation
17:18:33 [ORCH] Received shutdown signal, stopping...
17:18:33 [ORCH] Orchestrator stopped
17:18:39 [ORCH] Starting orchestrator
17:18:39 [P1] Phase 1 finished, marking idle for restart
17:18:39 [P2] Phase 2 finished, marking idle for restart
17:18:39 [P3] Phase 3 finished, marking idle for restart
17:18:39 [P4] Phase 4 finished, marking idle for restart
17:18:40 [P1] Starting Phase 1 from batch 309
17:18:40 [P2] Refreshing links from new tweets...
17:18:40 [P2] Starting Phase 2 from batch 24
17:18:40 [P3] Starting Phase 3 classification
17:18:40 [P4] Starting Phase 4 aggregation
17:18:50 [P2] Phase 2 finished, marking idle for restart
17:18:50 [P3] Phase 3 finished, marking idle for restart
17:18:50 [P4] Phase 4 finished, marking idle for restart
17:18:50 [P4] Starting Phase 4 aggregation
17:19:00 [P4] Phase 4 finished, marking idle for restart
17:19:01 [P4] Starting Phase 4 aggregation
17:19:11 [P4] Phase 4 finished, marking idle for restart
17:19:11 [P4] Starting Phase 4 aggregation
17:19:21 [P4] Phase 4 finished, marking idle for restart
17:19:21 [P4] Starting Phase 4 aggregation
17:19:31 [P4] Phase 4 finished, marking idle for restart
17:19:32 [P4] Starting Phase 4 aggregation
17:19:42 [P4] Phase 4 finished, marking idle for restart
17:19:42 [P4] Starting Phase 4 aggregation
17:19:43 [P1] Phase 1 finished, marking idle for restart
17:19:43 [P4] Phase 4 finished, marking idle for restart
17:19:52 [P4] Phase 4 finished, marking idle for restart
17:19:52 [P4] Starting Phase 4 aggregation
17:20:02 [P4] Phase 4 finished, marking idle for restart
17:20:02 [P4] Starting Phase 4 aggregation
17:20:12 [P4] Phase 4 finished, marking idle for restart
17:20:13 [P4] Starting Phase 4 aggregation
17:20:23 [P4] Phase 4 finished, marking idle for restart
17:20:23 [P2] Refreshing links from new tweets...
17:20:23 [P3] Starting Phase 3 classification
17:20:23 [P4] Starting Phase 4 aggregation
17:20:33 [P3] Phase 3 finished, marking idle for restart
17:20:33 [P4] Phase 4 finished, marking idle for restart
17:20:33 [P4] Starting Phase 4 aggregation
17:20:43 [P4] Phase 4 finished, marking idle for restart
17:20:43 [P4] Starting Phase 4 aggregation
17:20:53 [P4] Phase 4 finished, marking idle for restart
17:20:53 [P4] Starting Phase 4 aggregation
17:21:03 [P4] Phase 4 finished, marking idle for restart
17:21:03 [P4] Starting Phase 4 aggregation
17:21:13 [P4] Phase 4 finished, marking idle for restart
17:21:13 [P4] Starting Phase 4 aggregation
17:21:23 [P4] Phase 4 finished, marking idle for restart
17:21:23 [P4] Starting Phase 4 aggregation
17:21:33 [P4] Phase 4 finished, marking idle for restart
17:21:33 [P4] Starting Phase 4 aggregation
17:21:43 [P4] Phase 4 finished, marking idle for restart
17:21:43 [P4] Starting Phase 4 aggregation
17:21:53 [P4] Phase 4 finished, marking idle for restart
17:21:53 [P4] Starting Phase 4 aggregation
17:22:03 [P4] Phase 4 finished, marking idle for restart
17:22:04 [P4] Starting Phase 4 aggregation
17:22:14 [P4] Phase 4 finished, marking idle for restart
17:22:14 [P4] Starting Phase 4 aggregation
17:22:24 [P4] Phase 4 finished, marking idle for restart
17:22:24 [P4] Starting Phase 4 aggregation
17:22:34 [P4] Phase 4 finished, marking idle for restart
17:22:34 [P4] Starting Phase 4 aggregation
17:22:44 [P4] Phase 4 finished, marking idle for restart
17:22:44 [P4] Starting Phase 4 aggregation
17:22:54 [P4] Phase 4 finished, marking idle for restart
17:22:54 [P4] Starting Phase 4 aggregation
17:23:04 [P4] Phase 4 finished, marking idle for restart
17:23:04 [P2] Refreshing links from new tweets...
17:23:04 [P3] Starting Phase 3 classification
17:23:04 [P4] Starting Phase 4 aggregation
17:23:14 [P3] Phase 3 finished, marking idle for restart
17:23:14 [P4] Phase 4 finished, marking idle for restart
17:23:15 [P4] Starting Phase 4 aggregation
17:23:25 [P4] Phase 4 finished, marking idle for restart
17:23:25 [P4] Starting Phase 4 aggregation
17:23:35 [P4] Phase 4 finished, marking idle for restart
17:23:35 [P4] Starting Phase 4 aggregation
17:23:45 [P4] Phase 4 finished, marking idle for restart
17:23:45 [P4] Starting Phase 4 aggregation
17:23:55 [P4] Phase 4 finished, marking idle for restart
17:23:56 [P4] Starting Phase 4 aggregation
17:24:06 [P4] Phase 4 finished, marking idle for restart
17:24:06 [P4] Starting Phase 4 aggregation
17:24:16 [P4] Phase 4 finished, marking idle for restart
17:24:16 [P4] Starting Phase 4 aggregation
17:24:26 [P4] Phase 4 finished, marking idle for restart
17:24:27 [P4] Starting Phase 4 aggregation
17:24:37 [P4] Phase 4 finished, marking idle for restart
17:24:37 [P4] Starting Phase 4 aggregation
17:24:47 [P4] Phase 4 finished, marking idle for restart
17:24:47 [P4] Starting Phase 4 aggregation
17:24:57 [P4] Phase 4 finished, marking idle for restart
17:24:57 [P4] Starting Phase 4 aggregation
17:25:07 [P4] Phase 4 finished, marking idle for restart
17:25:08 [P4] Starting Phase 4 aggregation
17:25:18 [P4] Phase 4 finished, marking idle for restart
17:25:18 [P4] Starting Phase 4 aggregation
17:25:28 [P4] Phase 4 finished, marking idle for restart
17:25:28 [P4] Starting Phase 4 aggregation
17:25:38 [P4] Phase 4 finished, marking idle for restart
17:25:39 [P4] Starting Phase 4 aggregation
17:25:49 [P4] Phase 4 finished, marking idle for restart
17:25:49 [P4] Starting Phase 4 aggregation
17:25:59 [P4] Phase 4 finished, marking idle for restart
17:25:59 [P4] Starting Phase 4 aggregation
17:26:09 [P4] Phase 4 finished, marking idle for restart
17:26:09 [P4] Starting Phase 4 aggregation
17:26:19 [P4] Phase 4 finished, marking idle for restart
17:26:20 [P4] Starting Phase 4 aggregation
17:26:30 [P4] Phase 4 finished, marking idle for restart
17:26:30 [P4] Starting Phase 4 aggregation
17:26:40 [P4] Phase 4 finished, marking idle for restart
17:26:40 [P4] Starting Phase 4 aggregation
17:26:45 [P1] Phase 1 finished, marking idle for restart
17:26:45 [P4] Phase 4 finished, marking idle for restart
17:26:50 [P4] Phase 4 finished, marking idle for restart
17:26:50 [P2] Refreshing links from new tweets...
17:26:50 [P3] Starting Phase 3 classification
17:26:50 [P4] Starting Phase 4 aggregation
17:27:00 [P3] Phase 3 finished, marking idle for restart
17:27:00 [P4] Phase 4 finished, marking idle for restart
17:27:00 [P4] Starting Phase 4 aggregation
17:27:10 [P4] Phase 4 finished, marking idle for restart
17:27:10 [P4] Starting Phase 4 aggregation
17:27:20 [P4] Phase 4 finished, marking idle for restart
17:27:21 [P4] Starting Phase 4 aggregation
17:27:31 [P4] Phase 4 finished, marking idle for restart
17:27:31 [P4] Starting Phase 4 aggregation
17:27:41 [P4] Phase 4 finished, marking idle for restart
17:27:41 [P4] Starting Phase 4 aggregation
17:27:51 [P4] Phase 4 finished, marking idle for restart
17:27:51 [P4] Starting Phase 4 aggregation
17:28:01 [P4] Phase 4 finished, marking idle for restart
17:28:01 [P4] Starting Phase 4 aggregation
17:28:11 [P4] Phase 4 finished, marking idle for restart
17:28:11 [P4] Starting Phase 4 aggregation
17:28:21 [P4] Phase 4 finished, marking idle for restart
17:28:21 [P2] Refreshing links from new tweets...
17:28:21 [P3] Starting Phase 3 classification
17:28:21 [P4] Starting Phase 4 aggregation
17:28:31 [P3] Phase 3 finished, marking idle for restart
17:28:31 [P4] Phase 4 finished, marking idle for restart
17:28:31 [P4] Starting Phase 4 aggregation
17:28:41 [P4] Phase 4 finished, marking idle for restart
17:28:41 [P4] Starting Phase 4 aggregation
17:28:51 [P4] Phase 4 finished, marking idle for restart
17:28:51 [P4] Starting Phase 4 aggregation
17:29:01 [P4] Phase 4 finished, marking idle for restart
17:29:01 [P4] Starting Phase 4 aggregation
17:29:11 [P4] Phase 4 finished, marking idle for restart
17:29:11 [P4] Starting Phase 4 aggregation
17:29:21 [P4] Phase 4 finished, marking idle for restart
17:29:21 [P4] Starting Phase 4 aggregation
17:29:31 [P4] Phase 4 finished, marking idle for restart
17:29:31 [P4] Starting Phase 4 aggregation
17:29:41 [P4] Phase 4 finished, marking idle for restart
17:29:41 [P4] Starting Phase 4 aggregation
17:29:51 [P4] Phase 4 finished, marking idle for restart
17:29:51 [P4] Starting Phase 4 aggregation
17:30:01 [P4] Phase 4 finished, marking idle for restart
17:30:01 [P4] Starting Phase 4 aggregation
17:30:11 [P4] Phase 4 finished, marking idle for restart
17:30:11 [P4] Starting Phase 4 aggregation
17:30:21 [P4] Phase 4 finished, marking idle for restart
17:30:22 [P4] Starting Phase 4 aggregation
17:30:32 [P4] Phase 4 finished, marking idle for restart
17:30:32 [P4] Starting Phase 4 aggregation
17:30:42 [P4] Phase 4 finished, marking idle for restart
17:30:42 [P4] Starting Phase 4 aggregation
17:30:52 [P4] Phase 4 finished, marking idle for restart
17:30:52 [P4] Starting Phase 4 aggregation
17:31:02 [P4] Phase 4 finished, marking idle for restart
17:31:02 [P4] Starting Phase 4 aggregation
17:31:12 [P4] Phase 4 finished, marking idle for restart
17:31:12 [P4] Starting Phase 4 aggregation
17:31:22 [P4] Phase 4 finished, marking idle for restart
17:31:22 [P2] Refreshing links from new tweets...
17:31:22 [P2] Starting Phase 2 from batch 25
17:31:22 [P3] Starting Phase 3 classification
17:31:22 [P4] Starting Phase 4 aggregation
17:31:32 [P2] Phase 2 finished, marking idle for restart
17:31:32 [P3] Phase 3 finished, marking idle for restart
17:31:32 [P4] Phase 4 finished, marking idle for restart
17:31:33 [P4] Starting Phase 4 aggregation
17:31:43 [P4] Phase 4 finished, marking idle for restart
17:31:43 [P4] Starting Phase 4 aggregation
17:31:53 [P4] Phase 4 finished, marking idle for restart
17:31:53 [P4] Starting Phase 4 aggregation
17:32:03 [P4] Phase 4 finished, marking idle for restart
17:32:04 [P4] Starting Phase 4 aggregation
17:32:14 [P4] Phase 4 finished, marking idle for restart
17:32:14 [P4] Starting Phase 4 aggregation
17:32:24 [P4] Phase 4 finished, marking idle for restart
17:32:24 [P4] Starting Phase 4 aggregation
17:32:34 [P4] Phase 4 finished, marking idle for restart
17:32:35 [P4] Starting Phase 4 aggregation
17:32:45 [P4] Phase 4 finished, marking idle for restart
17:32:45 [P4] Starting Phase 4 aggregation
17:32:55 [P4] Phase 4 finished, marking idle for restart
17:32:55 [P4] Starting Phase 4 aggregation
17:33:05 [P4] Phase 4 finished, marking idle for restart
17:33:06 [P4] Starting Phase 4 aggregation
17:33:16 [P4] Phase 4 finished, marking idle for restart
17:33:16 [P4] Starting Phase 4 aggregation
17:33:26 [P4] Phase 4 finished, marking idle for restart
17:33:26 [P4] Starting Phase 4 aggregation
17:33:36 [P4] Phase 4 finished, marking idle for restart
17:33:37 [P4] Starting Phase 4 aggregation
17:33:47 [P4] Phase 4 finished, marking idle for restart
17:33:47 [P4] Starting Phase 4 aggregation
17:33:57 [P4] Phase 4 finished, marking idle for restart
17:33:57 [P4] Starting Phase 4 aggregation
17:34:07 [P4] Phase 4 finished, marking idle for restart
17:34:08 [P4] Starting Phase 4 aggregation
17:34:18 [P4] Phase 4 finished, marking idle for restart
17:34:18 [P4] Starting Phase 4 aggregation
17:34:28 [P4] Phase 4 finished, marking idle for restart
17:34:28 [P4] Starting Phase 4 aggregation
17:34:38 [P4] Phase 4 finished, marking idle for restart
17:34:39 [P4] Starting Phase 4 aggregation
17:34:49 [P4] Phase 4 finished, marking idle for restart
17:34:49 [P4] Starting Phase 4 aggregation
17:34:59 [P4] Phase 4 finished, marking idle for restart
17:34:59 [P4] Starting Phase 4 aggregation
17:35:09 [P4] Phase 4 finished, marking idle for restart
17:35:09 [P2] Refreshing links from new tweets...
17:35:09 [P3] Starting Phase 3 classification
17:35:09 [P4] Starting Phase 4 aggregation
17:35:19 [P3] Phase 3 finished, marking idle for restart
17:35:19 [P4] Phase 4 finished, marking idle for restart
17:35:19 [P4] Starting Phase 4 aggregation
17:35:29 [P4] Phase 4 finished, marking idle for restart
17:35:30 [P4] Starting Phase 4 aggregation
17:35:40 [P4] Phase 4 finished, marking idle for restart
17:35:40 [P4] Starting Phase 4 aggregation
17:35:50 [P4] Phase 4 finished, marking idle for restart
17:35:50 [P4] Starting Phase 4 aggregation
17:36:00 [P4] Phase 4 finished, marking idle for restart
17:36:00 [P4] Starting Phase 4 aggregation
17:36:10 [P4] Phase 4 finished, marking idle for restart
17:36:10 [P4] Starting Phase 4 aggregation
17:36:20 [P4] Phase 4 finished, marking idle for restart
17:36:20 [P4] Starting Phase 4 aggregation
17:36:30 [P4] Phase 4 finished, marking idle for restart
17:36:30 [P4] Starting Phase 4 aggregation
17:36:40 [P4] Phase 4 finished, marking idle for restart
17:36:40 [P4] Starting Phase 4 aggregation
17:36:50 [P4] Phase 4 finished, marking idle for restart
17:36:50 [P2] Refreshing links from new tweets...
17:36:50 [P3] Starting Phase 3 classification
17:36:50 [P4] Starting Phase 4 aggregation
17:37:00 [P3] Phase 3 finished, marking idle for restart
17:37:00 [P4] Phase 4 finished, marking idle for restart
17:37:00 [P4] Starting Phase 4 aggregation
17:37:10 [P4] Phase 4 finished, marking idle for restart
17:37:10 [P4] Starting Phase 4 aggregation
17:37:20 [P4] Phase 4 finished, marking idle for restart
17:37:20 [P4] Starting Phase 4 aggregation
17:37:30 [P4] Phase 4 finished, marking idle for restart
17:37:30 [P4] Starting Phase 4 aggregation
17:37:41 [P4] Phase 4 finished, marking idle for restart
17:37:41 [P4] Starting Phase 4 aggregation
17:37:51 [P4] Phase 4 finished, marking idle for restart
17:37:51 [P4] Starting Phase 4 aggregation
17:38:01 [P4] Phase 4 finished, marking idle for restart
17:38:01 [P4] Starting Phase 4 aggregation
17:38:11 [P4] Phase 4 finished, marking idle for restart
17:38:11 [P4] Starting Phase 4 aggregation
17:38:21 [P4] Phase 4 finished, marking idle for restart
17:38:21 [P4] Starting Phase 4 aggregation
17:38:31 [P4] Phase 4 finished, marking idle for restart
17:38:31 [P4] Starting Phase 4 aggregation
17:38:41 [P4] Phase 4 finished, marking idle for restart
17:38:41 [P4] Starting Phase 4 aggregation
17:38:51 [P4] Phase 4 finished, marking idle for restart
17:38:51 [P4] Starting Phase 4 aggregation
17:39:01 [P4] Phase 4 finished, marking idle for restart
17:39:01 [P4] Starting Phase 4 aggregation
17:39:11 [P4] Phase 4 finished, marking idle for restart
17:39:11 [P4] Starting Phase 4 aggregation
17:39:21 [P4] Phase 4 finished, marking idle for restart
17:39:21 [P4] Starting Phase 4 aggregation
17:39:31 [P4] Phase 4 finished, marking idle for restart
17:39:32 [P4] Starting Phase 4 aggregation
17:39:42 [P4] Phase 4 finished, marking idle for restart
17:39:42 [P4] Starting Phase 4 aggregation
17:39:52 [P4] Phase 4 finished, marking idle for restart
17:39:52 [P2] Refreshing links from new tweets...
17:39:52 [P3] Starting Phase 3 classification
17:39:52 [P4] Starting Phase 4 aggregation
17:40:02 [P3] Phase 3 finished, marking idle for restart
17:40:02 [P4] Phase 4 finished, marking idle for restart
17:40:02 [P4] Starting Phase 4 aggregation
17:40:12 [P4] Phase 4 finished, marking idle for restart
17:40:13 [P4] Starting Phase 4 aggregation
17:40:23 [P4] Phase 4 finished, marking idle for restart
17:40:23 [P4] Starting Phase 4 aggregation
17:40:33 [P4] Phase 4 finished, marking idle for restart
17:40:33 [P4] Starting Phase 4 aggregation
17:40:43 [P4] Phase 4 finished, marking idle for restart
17:40:44 [P4] Starting Phase 4 aggregation
17:40:54 [P4] Phase 4 finished, marking idle for restart
17:40:54 [P4] Starting Phase 4 aggregation
17:41:04 [P4] Phase 4 finished, marking idle for restart
17:41:04 [P4] Starting Phase 4 aggregation
17:41:14 [P4] Phase 4 finished, marking idle for restart
17:41:15 [P4] Starting Phase 4 aggregation
17:41:25 [P4] Phase 4 finished, marking idle for restart
17:41:25 [P4] Starting Phase 4 aggregation
17:41:35 [P4] Phase 4 finished, marking idle for restart
17:41:35 [P4] Starting Phase 4 aggregation
17:41:45 [P4] Phase 4 finished, marking idle for restart
17:41:46 [P4] Starting Phase 4 aggregation
17:41:56 [P4] Phase 4 finished, marking idle for restart
17:41:56 [P4] Starting Phase 4 aggregation
17:42:06 [P4] Phase 4 finished, marking idle for restart
17:42:07 [P4] Starting Phase 4 aggregation
17:42:17 [P4] Phase 4 finished, marking idle for restart
17:42:17 [P4] Starting Phase 4 aggregation
17:42:27 [P4] Phase 4 finished, marking idle for restart
17:42:27 [P4] Starting Phase 4 aggregation
17:42:37 [P4] Phase 4 finished, marking idle for restart
17:42:38 [P4] Starting Phase 4 aggregation
17:42:48 [P4] Phase 4 finished, marking idle for restart
17:42:48 [P4] Starting Phase 4 aggregation
17:42:58 [P4] Phase 4 finished, marking idle for restart
17:42:58 [P4] Starting Phase 4 aggregation
17:43:08 [P4] Phase 4 finished, marking idle for restart
17:43:09 [P4] Starting Phase 4 aggregation
17:43:19 [P4] Phase 4 finished, marking idle for restart
17:43:19 [P4] Starting Phase 4 aggregation
17:43:29 [P4] Phase 4 finished, marking idle for restart
17:43:29 [P2] Refreshing links from new tweets...
17:43:29 [P3] Starting Phase 3 classification
17:43:29 [P4] Starting Phase 4 aggregation
17:43:39 [P3] Phase 3 finished, marking idle for restart
17:43:39 [P4] Phase 4 finished, marking idle for restart
17:43:40 [P4] Starting Phase 4 aggregation
17:43:50 [P4] Phase 4 finished, marking idle for restart
17:43:50 [P4] Starting Phase 4 aggregation
17:43:51 [P1] Phase 1 finished, marking idle for restart
17:43:51 [P4] Phase 4 finished, marking idle for restart
17:44:00 [P4] Phase 4 finished, marking idle for restart
17:44:00 [P4] Starting Phase 4 aggregation
17:44:10 [P4] Phase 4 finished, marking idle for restart
17:44:10 [P4] Starting Phase 4 aggregation
17:44:20 [P4] Phase 4 finished, marking idle for restart
17:44:20 [P4] Starting Phase 4 aggregation
17:44:30 [P4] Phase 4 finished, marking idle for restart
17:44:30 [P4] Starting Phase 4 aggregation
17:44:40 [P4] Phase 4 finished, marking idle for restart
17:44:40 [P4] Starting Phase 4 aggregation
17:44:50 [P4] Phase 4 finished, marking idle for restart
17:44:50 [P4] Starting Phase 4 aggregation
17:45:00 [P4] Phase 4 finished, marking idle for restart
17:45:00 [P4] Starting Phase 4 aggregation
17:45:10 [P4] Phase 4 finished, marking idle for restart
17:45:10 [P4] Starting Phase 4 aggregation
17:45:20 [P4] Phase 4 finished, marking idle for restart
17:45:21 [P4] Starting Phase 4 aggregation
17:45:31 [P4] Phase 4 finished, marking idle for restart
17:45:31 [P2] Refreshing links from new tweets...
17:45:31 [P3] Starting Phase 3 classification
17:45:31 [P4] Starting Phase 4 aggregation
17:45:41 [P3] Phase 3 finished, marking idle for restart
17:45:41 [P4] Phase 4 finished, marking idle for restart
17:45:41 [P4] Starting Phase 4 aggregation
17:45:51 [P4] Phase 4 finished, marking idle for restart
17:45:51 [P4] Starting Phase 4 aggregation
17:46:01 [P4] Phase 4 finished, marking idle for restart
17:46:01 [P4] Starting Phase 4 aggregation
17:46:11 [P4] Phase 4 finished, marking idle for restart
17:46:11 [P4] Starting Phase 4 aggregation
17:46:21 [P4] Phase 4 finished, marking idle for restart
17:46:21 [P4] Starting Phase 4 aggregation
17:46:31 [P4] Phase 4 finished, marking idle for restart
17:46:31 [P4] Starting Phase 4 aggregation
17:46:41 [P4] Phase 4 finished, marking idle for restart
17:46:41 [P4] Starting Phase 4 aggregation
17:46:51 [P4] Phase 4 finished, marking idle for restart
17:46:52 [P4] Starting Phase 4 aggregation
17:47:02 [P4] Phase 4 finished, marking idle for restart
17:47:02 [P4] Starting Phase 4 aggregation
17:47:12 [P4] Phase 4 finished, marking idle for restart
17:47:12 [P4] Starting Phase 4 aggregation
17:47:22 [P4] Phase 4 finished, marking idle for restart
17:47:22 [P4] Starting Phase 4 aggregation
17:47:32 [P4] Phase 4 finished, marking idle for restart
17:47:32 [P4] Starting Phase 4 aggregation
17:47:42 [P4] Phase 4 finished, marking idle for restart
17:47:42 [P4] Starting Phase 4 aggregation
17:47:52 [P4] Phase 4 finished, marking idle for restart
17:47:53 [P4] Starting Phase 4 aggregation
17:48:03 [P4] Phase 4 finished, marking idle for restart
17:48:03 [P4] Starting Phase 4 aggregation
17:48:13 [P4] Phase 4 finished, marking idle for restart
17:48:13 [P4] Starting Phase 4 aggregation
17:48:23 [P4] Phase 4 finished, marking idle for restart
17:48:23 [P4] Starting Phase 4 aggregation
17:48:33 [P4] Phase 4 finished, marking idle for restart
17:48:33 [P4] Starting Phase 4 aggregation
17:48:43 [P4] Phase 4 finished, marking idle for restart
17:48:43 [P4] Starting Phase 4 aggregation
17:48:53 [P4] Phase 4 finished, marking idle for restart
17:48:53 [P2] Refreshing links from new tweets...
17:48:54 [P2] Starting Phase 2 from batch 26
17:48:54 [P3] Starting Phase 3 classification
17:48:54 [P4] Starting Phase 4 aggregation
17:49:04 [P3] Phase 3 finished, marking idle for restart
17:49:04 [P4] Phase 4 finished, marking idle for restart
17:49:04 [P4] Starting Phase 4 aggregation
17:49:14 [P4] Phase 4 finished, marking idle for restart
17:49:14 [P4] Starting Phase 4 aggregation
17:49:24 [P4] Phase 4 finished, marking idle for restart
17:49:25 [P4] Starting Phase 4 aggregation
17:49:35 [P2] Phase 2 finished, marking idle for restart
17:49:35 [P4] Phase 4 finished, marking idle for restart
17:49:35 [P4] Starting Phase 4 aggregation
17:49:45 [P4] Phase 4 finished, marking idle for restart
17:49:45 [P4] Starting Phase 4 aggregation
17:49:55 [P4] Phase 4 finished, marking idle for restart
17:49:56 [P4] Starting Phase 4 aggregation
17:50:06 [P4] Phase 4 finished, marking idle for restart
17:50:06 [P4] Starting Phase 4 aggregation
17:50:16 [P4] Phase 4 finished, marking idle for restart
17:50:16 [P4] Starting Phase 4 aggregation
17:50:26 [P4] Phase 4 finished, marking idle for restart
17:50:27 [P4] Starting Phase 4 aggregation
17:50:37 [P4] Phase 4 finished, marking idle for restart
17:50:37 [P4] Starting Phase 4 aggregation
17:50:43 [ORCH] Received shutdown signal, stopping...
17:50:43 [ORCH] Orchestrator stopped
17:50:44 [ORCH] Starting orchestrator
17:50:44 [P1] Phase 1 finished, marking idle for restart
17:50:44 [P4] Phase 4 finished, marking idle for restart
17:50:44 [P1] Killed stale process 91687 for fetch_tweets.py
17:50:44 [P1] Starting Phase 1 from batch 346
17:59:49 [P2] Refreshing links from new tweets...
17:59:49 [P3] Starting Phase 3 classification
17:59:59 [P3] Phase 3 finished, marking idle for restart
17:59:59 [P4] Starting Phase 4 aggregation
18:00:09 [P4] Phase 4 finished, marking idle for restart
18:08:31 [P2] Refreshing links from new tweets...
18:08:31 [P3] Starting Phase 3 classification
18:08:41 [P3] Phase 3 finished, marking idle for restart
18:08:41 [P4] Starting Phase 4 aggregation
18:08:51 [P4] Phase 4 finished, marking idle for restart
18:17:12 [P2] Refreshing links from new tweets...
18:17:12 [P3] Starting Phase 3 classification
18:17:22 [P3] Phase 3 finished, marking idle for restart
18:17:22 [P4] Starting Phase 4 aggregation
18:17:32 [P4] Phase 4 finished, marking idle for restart
18:26:04 [P2] Refreshing links from new tweets...
18:26:05 [P3] Starting Phase 3 classification
18:26:15 [P3] Phase 3 finished, marking idle for restart
18:26:15 [P4] Starting Phase 4 aggregation
18:26:25 [P4] Phase 4 finished, marking idle for restart
18:34:57 [P2] Refreshing links from new tweets...
18:34:57 [P3] Starting Phase 3 classification
18:35:07 [P3] Phase 3 finished, marking idle for restart
18:35:08 [P4] Starting Phase 4 aggregation
18:35:18 [P4] Phase 4 finished, marking idle for restart
18:43:41 [P2] Refreshing links from new tweets...
18:43:41 [P3] Starting Phase 3 classification
18:43:51 [P3] Phase 3 finished, marking idle for restart
18:43:51 [P4] Starting Phase 4 aggregation
18:44:01 [P4] Phase 4 finished, marking idle for restart
18:52:46 [P2] Refreshing links from new tweets...
18:52:46 [P3] Starting Phase 3 classification
18:52:56 [P3] Phase 3 finished, marking idle for restart
18:52:56 [P4] Starting Phase 4 aggregation
18:53:06 [P4] Phase 4 finished, marking idle for restart
19:01:52 [P2] Refreshing links from new tweets...
19:01:52 [P3] Starting Phase 3 classification
19:02:02 [P3] Phase 3 finished, marking idle for restart
19:02:02 [P4] Starting Phase 4 aggregation
19:02:12 [P4] Phase 4 finished, marking idle for restart
19:11:07 [P2] Refreshing links from new tweets...
19:11:07 [P3] Starting Phase 3 classification
19:11:17 [P3] Phase 3 finished, marking idle for restart
19:11:17 [P4] Starting Phase 4 aggregation
19:11:27 [P4] Phase 4 finished, marking idle for restart
19:20:13 [P2] Refreshing links from new tweets...
19:20:13 [P3] Starting Phase 3 classification
19:20:23 [P3] Phase 3 finished, marking idle for restart
19:20:23 [P4] Starting Phase 4 aggregation
19:20:33 [P4] Phase 4 finished, marking idle for restart
19:29:19 [P2] Refreshing links from new tweets...
19:29:19 [P3] Starting Phase 3 classification
19:29:29 [P3] Phase 3 finished, marking idle for restart
19:29:29 [P4] Starting Phase 4 aggregation
19:29:39 [P4] Phase 4 finished, marking idle for restart
19:38:07 [P2] Refreshing links from new tweets...
19:38:07 [P3] Starting Phase 3 classification
19:38:17 [P3] Phase 3 finished, marking idle for restart
19:38:17 [P4] Starting Phase 4 aggregation
19:38:27 [P4] Phase 4 finished, marking idle for restart
19:47:55 [P2] Refreshing links from new tweets...
19:47:56 [P3] Starting Phase 3 classification
19:48:06 [P3] Phase 3 finished, marking idle for restart
19:48:06 [P4] Starting Phase 4 aggregation
19:48:16 [P4] Phase 4 finished, marking idle for restart
19:57:35 [P2] Refreshing links from new tweets...
19:57:35 [P3] Starting Phase 3 classification
19:57:45 [P3] Phase 3 finished, marking idle for restart
19:57:45 [P4] Starting Phase 4 aggregation
19:57:55 [P4] Phase 4 finished, marking idle for restart
20:06:45 [P2] Refreshing links from new tweets...
20:06:45 [P3] Starting Phase 3 classification
20:06:55 [P3] Phase 3 finished, marking idle for restart
20:06:55 [P4] Starting Phase 4 aggregation
20:07:05 [P4] Phase 4 finished, marking idle for restart
20:16:36 [P2] Refreshing links from new tweets...
20:16:36 [P3] Starting Phase 3 classification
20:16:46 [P3] Phase 3 finished, marking idle for restart
20:16:46 [P4] Starting Phase 4 aggregation
20:16:56 [P4] Phase 4 finished, marking idle for restart
20:26:17 [P2] Refreshing links from new tweets...
20:26:17 [P3] Starting Phase 3 classification
20:26:27 [P3] Phase 3 finished, marking idle for restart
20:26:27 [P4] Starting Phase 4 aggregation
20:26:37 [P4] Phase 4 finished, marking idle for restart
20:35:38 [P2] Refreshing links from new tweets...
20:35:38 [P3] Starting Phase 3 classification
20:35:48 [P3] Phase 3 finished, marking idle for restart
20:35:48 [P4] Starting Phase 4 aggregation
20:35:58 [P4] Phase 4 finished, marking idle for restart
20:44:50 [P2] Refreshing links from new tweets...
20:44:50 [P3] Starting Phase 3 classification
20:45:00 [P3] Phase 3 finished, marking idle for restart
20:45:00 [P4] Starting Phase 4 aggregation
20:45:10 [P4] Phase 4 finished, marking idle for restart
20:54:02 [P2] Refreshing links from new tweets...
20:54:02 [P3] Starting Phase 3 classification
20:54:12 [P3] Phase 3 finished, marking idle for restart
20:54:12 [P2] Refreshing links from new tweets...
20:54:12 [P3] Starting Phase 3 classification
20:54:22 [P3] Phase 3 finished, marking idle for restart
20:54:23 [P4] Starting Phase 4 aggregation
20:54:33 [P4] Phase 4 finished, marking idle for restart
21:03:14 [P2] Refreshing links from new tweets...
21:03:15 [P3] Starting Phase 3 classification
21:03:25 [P3] Phase 3 finished, marking idle for restart
21:03:25 [P4] Starting Phase 4 aggregation
21:03:35 [P4] Phase 4 finished, marking idle for restart
21:12:17 [P2] Refreshing links from new tweets...
21:12:17 [P3] Starting Phase 3 classification
21:12:27 [P3] Phase 3 finished, marking idle for restart
21:12:27 [P4] Starting Phase 4 aggregation
21:12:37 [P4] Phase 4 finished, marking idle for restart
21:21:30 [P2] Refreshing links from new tweets...
21:21:31 [P3] Starting Phase 3 classification
21:21:41 [P3] Phase 3 finished, marking idle for restart
21:21:41 [P4] Starting Phase 4 aggregation
21:21:51 [P4] Phase 4 finished, marking idle for restart
21:31:26 [P2] Refreshing links from new tweets...
21:31:26 [P3] Starting Phase 3 classification
21:31:36 [P3] Phase 3 finished, marking idle for restart
21:31:36 [P4] Starting Phase 4 aggregation
21:31:46 [P4] Phase 4 finished, marking idle for restart
21:40:30 [P2] Refreshing links from new tweets...
21:40:30 [P3] Starting Phase 3 classification
21:40:40 [P3] Phase 3 finished, marking idle for restart
21:40:40 [P4] Starting Phase 4 aggregation
21:40:51 [P4] Phase 4 finished, marking idle for restart
21:49:45 [P2] Refreshing links from new tweets...
21:49:45 [P3] Starting Phase 3 classification
21:49:55 [P3] Phase 3 finished, marking idle for restart
21:49:56 [P4] Starting Phase 4 aggregation
21:50:06 [P4] Phase 4 finished, marking idle for restart
21:58:40 [P2] Refreshing links from new tweets...
21:58:41 [P3] Starting Phase 3 classification
21:58:51 [P3] Phase 3 finished, marking idle for restart
21:58:51 [P4] Starting Phase 4 aggregation
21:59:01 [P4] Phase 4 finished, marking idle for restart
22:08:07 [P2] Refreshing links from new tweets...
22:08:08 [P3] Starting Phase 3 classification
22:08:18 [P3] Phase 3 finished, marking idle for restart
22:08:18 [P4] Starting Phase 4 aggregation
22:08:28 [P4] Phase 4 finished, marking idle for restart
22:17:25 [P2] Refreshing links from new tweets...
22:17:25 [P3] Starting Phase 3 classification
22:17:35 [P3] Phase 3 finished, marking idle for restart
22:17:35 [P4] Starting Phase 4 aggregation
22:17:45 [P4] Phase 4 finished, marking idle for restart
22:29:17 [P2] Refreshing links from new tweets...
22:29:18 [P3] Starting Phase 3 classification
22:29:28 [P3] Phase 3 finished, marking idle for restart
22:29:28 [P4] Starting Phase 4 aggregation
22:29:38 [P4] Phase 4 finished, marking idle for restart
22:41:41 [P2] Refreshing links from new tweets...
22:41:42 [P3] Starting Phase 3 classification
22:41:52 [P3] Phase 3 finished, marking idle for restart
22:41:52 [P4] Starting Phase 4 aggregation
22:42:02 [P4] Phase 4 finished, marking idle for restart
22:50:29 [P2] Refreshing links from new tweets...
22:50:29 [P3] Starting Phase 3 classification
22:50:39 [P3] Phase 3 finished, marking idle for restart
22:50:40 [P4] Starting Phase 4 aggregation
22:50:50 [P4] Phase 4 finished, marking idle for restart
22:59:38 [P2] Refreshing links from new tweets...
22:59:38 [P3] Starting Phase 3 classification
22:59:48 [P3] Phase 3 finished, marking idle for restart
22:59:49 [P4] Starting Phase 4 aggregation
22:59:59 [P4] Phase 4 finished, marking idle for restart
23:08:58 [P2] Refreshing links from new tweets...
23:08:58 [P3] Starting Phase 3 classification
23:09:08 [P3] Phase 3 finished, marking idle for restart
23:09:08 [P4] Starting Phase 4 aggregation
23:09:18 [P4] Phase 4 finished, marking idle for restart
23:14:30 [P1] Phase 1 finished, marking idle for restart
23:14:30 [P2] Refreshing links from new tweets...
23:14:31 [P3] Starting Phase 3 classification
23:14:41 [P3] Phase 3 finished, marking idle for restart
23:14:41 [P4] Starting Phase 4 aggregation
23:14:51 [P4] Phase 4 finished, marking idle for restart
23:14:52 [ORCH] All phases complete!
23:14:52 [ORCH] Orchestrator stopped
